Android/AretePop/build/outputs/logs/manifest-merger-debug-report.txt
-- Merging decision tree log ---
manifest
ADDED from Android/AretePop/AndroidManifest.xml:2:1-141:12
	package
		ADDED from Android/AretePop/AndroidManifest.xml:3:5-36
	android:versionName
		ADDED from Android/AretePop/AndroidManifest.xml:5:5-30
		INJECTED from Android/AretePop/AndroidManifest.xml
		INJECTED from Android/AretePop/AndroidManifest.xml
	android:versionCode
		ADDED from Android/AretePop/AndroidManifest.xml:4:5-29
		INJECTED from Android/AretePop/AndroidManifest.xml
		INJECTED from Android/AretePop/AndroidManifest.xml
	xmlns:android
		ADDED from Android/AretePop/AndroidManifest.xml:2:11-69
uses-sdk
ADDED from Android/AretePop/AndroidManifest.xml:7:5-9:41
	android:targetSdkVersion
		ADDED from Android/AretePop/AndroidManifest.xml:9:9-38
	android:minSdkVersion
		ADDED from Android/AretePop/AndroidManifest.xml:8:9-35
supports-screens
ADDED from Android/AretePop/AndroidManifest.xml:11:5-17:40
	android:largeScreens
		ADDED from Android/AretePop/AndroidManifest.xml:13:9-36
	android:smallScreens
		ADDED from Android/AretePop/AndroidManifest.xml:16:9-36
	android:normalScreens
		ADDED from Android/AretePop/AndroidManifest.xml:14:9-37
	android:xlargeScreens
		ADDED from Android/AretePop/AndroidManifest.xml:17:9-37
	android:resizeable
		ADDED from Android/AretePop/AndroidManifest.xml:15:9-34
	android:anyDensity
		ADDED from Android/AretePop/AndroidManifest.xml:12:9-34
uses-feature#android.hardware.camera
ADDED from Android/AretePop/AndroidManifest.xml:19:5-85
	android:required
		ADDED from Android/AretePop/AndroidManifest.xml:19:58-82
	android:name
		ADDED from Android/AretePop/AndroidManifest.xml:19:19-57
uses-feature#android.hardware.telephony
ADDED from Android/AretePop/AndroidManifest.xml:20:2-85
	android:required
		ADDED from Android/AretePop/AndroidManifest.xml:20:58-82
	android:name
		ADDED from Android/AretePop/AndroidManifest.xml:20:16-57
uses-permission#android.permission.RECORD_AUDIO
ADDED from Android/AretePop/AndroidManifest.xml:22:5-71
	android:name
		ADDED from Android/AretePop/AndroidManifest.xml:22:22-68
uses-permission#android.permission.MODIFY_AUDIO_SETTINGS
ADDED from Android/AretePop/AndroidManifest.xml:23:5-80
	android:name
		ADDED from Android/AretePop/AndroidManifest.xml:23:22-77
uses-permission#android.permission.ACTION_HEADSET_PLUG
ADDED from Android/AretePop/AndroidManifest.xml:24:5-78
	android:name
		ADDED from Android/AretePop/AndroidManifest.xml:24:22-75
uses-permission#android.permission.VIBRATE
ADDED from Android/AretePop/AndroidManifest.xml:25:5-65
	android:name
		ADDED from Android/AretePop/AndroidManifest.xml:25:22-63
uses-permission#android.permission.READ_PHONE_STATE
ADDED from Android/AretePop/AndroidManifest.xml:26:5-75
	android:name
		ADDED from Android/AretePop/AndroidManifest.xml:26:22-72
uses-permission#android.permission.WRITE_EXTERNAL_STORAGE
ADDED from Android/AretePop/AndroidManifest.xml:27:5-81
	android:name
		ADDED from Android/AretePop/AndroidManifest.xml:27:22-78
uses-permission#android.permission.WAKE_LOCK
ADDED from Android/AretePop/AndroidManifest.xml:28:5-68
	android:name
		ADDED from Android/AretePop/AndroidManifest.xml:28:22-65
uses-permission#android.permission.PROCESS_OUTGOING_CALLS
ADDED from Android/AretePop/AndroidManifest.xml:29:5-81
	android:name
		ADDED from Android/AretePop/AndroidManifest.xml:29:22-78
application
ADDED from Android/AretePop/AndroidManifest.xml:31:5-139:19
	android:label
		ADDED from Android/AretePop/AndroidManifest.xml:34:9-41
	android:allowBackup
		ADDED from Android/AretePop/AndroidManifest.xml:32:9-35
	android:icon
		ADDED from Android/AretePop/AndroidManifest.xml:33:9-44
	android:theme
		ADDED from Android/AretePop/AndroidManifest.xml:35:9-56
activity#phychips.arete.newver.MainActivity
ADDED from Android/AretePop/AndroidManifest.xml:36:9-50:20
	android:screenOrientation
		ADDED from Android/AretePop/AndroidManifest.xml:39:13-49
	android:launchMode
		ADDED from Android/AretePop/AndroidManifest.xml:38:13-44
	android:name
		ADDED from Android/AretePop/AndroidManifest.xml:37:13-40
intent-filter#android.intent.action.MAIN+android.intent.category.LAUNCHER
ADDED from Android/AretePop/AndroidManifest.xml:40:13-43:29
action#android.intent.action.MAIN
ADDED from Android/AretePop/AndroidManifest.xml:41:17-69
	android:name
		ADDED from Android/AretePop/AndroidManifest.xml:41:25-66
category#android.intent.category.LAUNCHER
ADDED from Android/AretePop/AndroidManifest.xml:42:17-77
	android:name
		ADDED from Android/AretePop/AndroidManifest.xml:42:27-74
intent-filter#android.intent.action.VIEW+android.intent.category.BROWSABLE+android.intent.category.DEFAULT
ADDED from Android/AretePop/AndroidManifest.xml:44:13-49:29
action#android.intent.action.VIEW
ADDED from Android/AretePop/AndroidManifest.xml:45:17-69
	android:name
		ADDED from Android/AretePop/AndroidManifest.xml:45:25-66
category#android.intent.category.DEFAULT
ADDED from Android/AretePop/AndroidManifest.xml:46:17-76
	android:name
		ADDED from Android/AretePop/AndroidManifest.xml:46:27-73
category#android.intent.category.BROWSABLE
ADDED from Android/AretePop/AndroidManifest.xml:47:17-78
	android:name
		ADDED from Android/AretePop/AndroidManifest.xml:47:27-75
data
ADDED from Android/AretePop/AndroidManifest.xml:48:17-88
	android:host
		ADDED from Android/AretePop/AndroidManifest.xml:48:45-86
	android:scheme
		ADDED from Android/AretePop/AndroidManifest.xml:48:23-44
activity#phychips.arete.newver.AppSettingActivity
ADDED from Android/AretePop/AndroidManifest.xml:51:9-57:20
	android:screenOrientation
		ADDED from Android/AretePop/AndroidManifest.xml:55:13-49
	android:label
		ADDED from Android/AretePop/AndroidManifest.xml:54:13-59
	android:windowSoftInputMode
		ADDED from Android/AretePop/AndroidManifest.xml:56:13-54
	android:configChanges
		ADDED from Android/AretePop/AndroidManifest.xml:53:13-63
	android:name
		ADDED from Android/AretePop/AndroidManifest.xml:52:13-46
activity#phychips.arete.newver.SplashActivity
ADDED from Android/AretePop/AndroidManifest.xml:58:9-63:20
	android:screenOrientation
		ADDED from Android/AretePop/AndroidManifest.xml:62:13-49
	android:label
		ADDED from Android/AretePop/AndroidManifest.xml:61:13-58
	android:configChanges
		ADDED from Android/AretePop/AndroidManifest.xml:60:13-63
	android:name
		ADDED from Android/AretePop/AndroidManifest.xml:59:13-42
activity#phychips.arete.newver.TagAccessActivity
ADDED from Android/AretePop/AndroidManifest.xml:64:9-69:20
	android:screenOrientation
		ADDED from Android/AretePop/AndroidManifest.xml:68:13-49
	android:label
		ADDED from Android/AretePop/AndroidManifest.xml:67:13-62
	android:configChanges
		ADDED from Android/AretePop/AndroidManifest.xml:66:13-63
	android:name
		ADDED from Android/AretePop/AndroidManifest.xml:65:13-45
activity#phychips.arete.newver.OptionActivity
ADDED from Android/AretePop/AndroidManifest.xml:70:9-75:20
	android:screenOrientation
		ADDED from Android/AretePop/AndroidManifest.xml:74:13-49
	android:label
		ADDED from Android/AretePop/AndroidManifest.xml:73:13-58
	android:configChanges
		ADDED from Android/AretePop/AndroidManifest.xml:72:13-63
	android:name
		ADDED from Android/AretePop/AndroidManifest.xml:71:13-42
activity#phychips.arete.newver.PopSettingActivity
ADDED from Android/AretePop/AndroidManifest.xml:76:9-81:20
	android:screenOrientation
		ADDED from Android/AretePop/AndroidManifest.xml:80:13-49
	android:label
		ADDED from Android/AretePop/AndroidManifest.xml:79:13-70
	android:configChanges
		ADDED from Android/AretePop/AndroidManifest.xml:78:13-63
	android:name
		ADDED from Android/AretePop/AndroidManifest.xml:77:13-46
activity#phychips.arete.newver.PopInformationActivity
ADDED from Android/AretePop/AndroidManifest.xml:82:9-87:20
	android:screenOrientation
		ADDED from Android/AretePop/AndroidManifest.xml:86:13-49
	android:label
		ADDED from Android/AretePop/AndroidManifest.xml:85:13-67
	android:configChanges
		ADDED from Android/AretePop/AndroidManifest.xml:84:13-63
	android:name
		ADDED from Android/AretePop/AndroidManifest.xml:83:13-50
activity#phychips.arete.newver.ReadWriteActivity
ADDED from Android/AretePop/AndroidManifest.xml:88:9-94:20
	android:screenOrientation
		ADDED from Android/AretePop/AndroidManifest.xml:92:13-49
	android:label
		ADDED from Android/AretePop/AndroidManifest.xml:91:13-56
	android:windowSoftInputMode
		ADDED from Android/AretePop/AndroidManifest.xml:93:13-54
	android:configChanges
		ADDED from Android/AretePop/AndroidManifest.xml:90:13-63
	android:name
		ADDED from Android/AretePop/AndroidManifest.xml:89:13-45
activity#phychips.arete.newver.OnOffTimeActivity
ADDED from Android/AretePop/AndroidManifest.xml:95:9-100:20
	android:screenOrientation
		ADDED from Android/AretePop/AndroidManifest.xml:99:13-49
	android:label
		ADDED from Android/AretePop/AndroidManifest.xml:98:13-63
	android:configChanges
		ADDED from Android/AretePop/AndroidManifest.xml:97:13-63
	android:name
		ADDED from Android/AretePop/AndroidManifest.xml:96:13-45
activity#phychips.arete.newver.OutPutPowerActivity
ADDED from Android/AretePop/AndroidManifest.xml:101:9-106:20
	android:screenOrientation
		ADDED from Android/AretePop/AndroidManifest.xml:105:13-49
	android:label
		ADDED from Android/AretePop/AndroidManifest.xml:104:13-65
	android:configChanges
		ADDED from Android/AretePop/AndroidManifest.xml:103:13-63
	android:name
		ADDED from Android/AretePop/AndroidManifest.xml:102:13-47
activity#phychips.arete.newver.StopCondisionsActivity
ADDED from Android/AretePop/AndroidManifest.xml:107:9-112:20
	android:screenOrientation
		ADDED from Android/AretePop/AndroidManifest.xml:111:13-49
	android:label
		ADDED from Android/AretePop/AndroidManifest.xml:110:13-67
	android:configChanges
		ADDED from Android/AretePop/AndroidManifest.xml:109:13-63
	android:name
		ADDED from Android/AretePop/AndroidManifest.xml:108:13-50
activity#phychips.arete.newver.LockActivity
ADDED from Android/AretePop/AndroidManifest.xml:113:9-118:20
	android:screenOrientation
		ADDED from Android/AretePop/AndroidManifest.xml:117:13-49
	android:label
		ADDED from Android/AretePop/AndroidManifest.xml:116:13-56
	android:configChanges
		ADDED from Android/AretePop/AndroidManifest.xml:115:13-63
	android:name
		ADDED from Android/AretePop/AndroidManifest.xml:114:13-40
activity#phychips.arete.newver.KillActivity
ADDED from Android/AretePop/AndroidManifest.xml:119:9-124:20
	android:screenOrientation
		ADDED from Android/AretePop/AndroidManifest.xml:123:13-49
	android:label
		ADDED from Android/AretePop/AndroidManifest.xml:122:13-56
	android:configChanges
		ADDED from Android/AretePop/AndroidManifest.xml:121:13-63
	android:name
		ADDED from Android/AretePop/AndroidManifest.xml:120:13-40
activity#phychips.arete.newver.EncodingTypeActivity
ADDED from Android/AretePop/AndroidManifest.xml:125:9-129:20
	android:screenOrientation
		ADDED from Android/AretePop/AndroidManifest.xml:127:13-49
	android:configChanges
		ADDED from Android/AretePop/AndroidManifest.xml:126:13-63
	android:name
		ADDED from Android/AretePop/AndroidManifest.xml:125:19-54
activity#phychips.arete.newver.SessionActivity
ADDED from Android/AretePop/AndroidManifest.xml:130:9-133:20
	android:screenOrientation
		ADDED from Android/AretePop/AndroidManifest.xml:132:13-49
	android:configChanges
		ADDED from Android/AretePop/AndroidManifest.xml:131:13-63
	android:name
		ADDED from Android/AretePop/AndroidManifest.xml:130:19-49
activity#phychips.arete.newver.RfSettingActivity
ADDED from Android/AretePop/AndroidManifest.xml:134:9-137:20
	android:screenOrientation
		ADDED from Android/AretePop/AndroidManifest.xml:136:13-49
	android:configChanges
		ADDED from Android/AretePop/AndroidManifest.xml:135:13-63
	android:name
		ADDED from Android/AretePop/AndroidManifest.xml:134:19-51